<?xml version="1.0" encoding="UTF-8" standalone="no"?>
<!DOCTYPE log SYSTEM "logger.dtd">
<log>
<record>
  <date>2020-09-23T12:02:29.058-0300</date>
  <logger>VINICIUS FURTADO DE HOLANDA SA</logger>
  <level>FINE</level>
  <message>File 118210681-VINICIUS FURTADO DE HOLANDA SA.zip was received. It was sent by VINICIUS FURTADO DE HOLANDA SA from IP 192.168.1.9 at 23-09-2020 12*02*29</message>
</record>
</log>
<?xml version="1.0" encoding="UTF-8" standalone="no"?>
<!DOCTYPE log SYSTEM "logger.dtd">
<log>
<record>
  <date>2020-09-24T09:50:45.692-0300</date>
  <logger>VINICIUS FURTADO DE HOLANDA SA</logger>
  <level>FINE</level>
  <message>File 118210681-VINICIUS FURTADO DE HOLANDA SA.zip was received. It was sent by VINICIUS FURTADO DE HOLANDA SA from IP 192.168.1.9 at 24-09-2020 09*50*45</message>
</record>
</log>
<?xml version="1.0" encoding="UTF-8" standalone="no"?>
<!DOCTYPE log SYSTEM "logger.dtd">
<log>
<record>
  <date>2020-09-24T12:29:56.637-0300</date>
  <logger>VINICIUS FURTADO DE HOLANDA SA</logger>
  <level>FINE</level>
  <message>File 118210681-VINICIUS FURTADO DE HOLANDA SA.zip was received. It was sent by VINICIUS FURTADO DE HOLANDA SA from IP 192.168.1.9 at 24-09-2020 12*29*56</message>
</record>
